<?xml version="1.0" encoding="UTF-8"?>
<testsuite name="com.projectsolo.demo.DemoApplicationTests" tests="1" skipped="0" failures="0" errors="0" timestamp="2022-08-17T01:31:53" hostname="gim-yongjuui-MacBookAir.local" time="0.169">
  <properties/>
  <testcase name="contextLoads()" classname="com.projectsolo.demo.DemoApplicationTests" time="0.169"/>
  <system-out><![CDATA[10:31:45.700 [Test worker] DEBUG org.springframework.test.context.BootstrapUtils - Instantiating CacheAwareContextLoaderDelegate from class [org.springframework.test.context.cache.DefaultCacheAwareContextLoaderDelegate]
10:31:45.709 [Test worker] DEBUG org.springframework.test.context.BootstrapUtils - Instantiating BootstrapContext using constructor [public org.springframework.test.context.support.DefaultBootstrapContext(java.lang.Class,org.springframework.test.context.CacheAwareContextLoaderDelegate)]
10:31:45.774 [Test worker] DEBUG org.springframework.test.context.BootstrapUtils - Instantiating TestContextBootstrapper for test class [com.projectsolo.demo.DemoApplicationTests] from class [org.springframework.boot.test.context.SpringBootTestContextBootstrapper]
10:31:45.785 [Test worker] INFO org.springframework.boot.test.context.SpringBootTestContextBootstrapper - Neither @ContextConfiguration nor @ContextHierarchy found for test class [com.projectsolo.demo.DemoApplicationTests], using SpringBootContextLoader
10:31:45.791 [Test worker] DEBUG org.springframework.test.context.support.AbstractContextLoader - Did not detect default resource location for test class [com.projectsolo.demo.DemoApplicationTests]: class path resource [com/projectsolo/demo/DemoApplicationTests-context.xml] does not exist
10:31:45.791 [Test worker] DEBUG org.springframework.test.context.support.AbstractContextLoader - Did not detect default resource location for test class [com.projectsolo.demo.DemoApplicationTests]: class path resource [com/projectsolo/demo/DemoApplicationTestsContext.groovy] does not exist
10:31:45.791 [Test worker] INFO org.springframework.test.context.support.AbstractContextLoader - Could not detect default resource locations for test class [com.projectsolo.demo.DemoApplicationTests]: no resource found for suffixes {-context.xml, Context.groovy}.
10:31:45.792 [Test worker] INFO org.springframework.test.context.support.AnnotationConfigContextLoaderUtils - Could not detect default configuration classes for test class [com.projectsolo.demo.DemoApplicationTests]: DemoApplicationTests does not declare any static, non-private, non-final, nested classes annotated with @Configuration.
10:31:45.850 [Test worker] DEBUG org.springframework.test.context.support.ActiveProfilesUtils - Could not find an 'annotation declaring class' for annotation type [org.springframework.test.context.ActiveProfiles] and class [com.projectsolo.demo.DemoApplicationTests]
10:31:45.923 [Test worker] DEBUG org.springframework.context.annotation.ClassPathScanningCandidateComponentProvider - Identified candidate component class: file [/Users/yongjuvv/Desktop/yongju/demo/build/classes/java/main/com/projectsolo/demo/DemoApplication.class]
10:31:45.926 [Test worker] INFO org.springframework.boot.test.context.SpringBootTestContextBootstrapper - Found @SpringBootConfiguration com.projectsolo.demo.DemoApplication for test class com.projectsolo.demo.DemoApplicationTests
10:31:46.027 [Test worker] DEBUG org.springframework.boot.test.context.SpringBootTestContextBootstrapper - @TestExecutionListeners is not present for class [com.projectsolo.demo.DemoApplicationTests]: using defaults.
10:31:46.028 [Test worker] INFO org.springframework.boot.test.context.SpringBootTestContextBootstrapper - Loaded default TestExecutionListener class names from location [META-INF/spring.factories]: [org.springframework.test.context.web.ServletTestExecutionListener, org.springframework.test.context.support.DirtiesContextBeforeModesTestExecutionListener, org.springframework.test.context.event.ApplicationEventsTestExecutionListener, org.springframework.test.context.support.DependencyInjectionTestExecutionListener, org.springframework.test.context.support.DirtiesContextTestExecutionListener, org.springframework.test.context.transaction.TransactionalTestExecutionListener, org.springframework.test.context.jdbc.SqlScriptsTestExecutionListener, org.springframework.test.context.event.EventPublishingTestExecutionListener, org.springframework.boot.test.autoconfigure.restdocs.RestDocsTestExecutionListener, org.springframework.boot.test.autoconfigure.web.client.MockRestServiceServerResetTestExecutionListener, org.springframework.boot.test.autoconfigure.web.servlet.MockMvcPrintOnlyOnFailureTestExecutionListener, org.springframework.boot.test.autoconfigure.web.servlet.WebDriverTestExecutionListener, org.springframework.boot.test.autoconfigure.webservices.client.MockWebServiceServerTestExecutionListener, org.springframework.boot.test.mock.mockito.MockitoTestExecutionListener, org.springframework.boot.test.mock.mockito.ResetMocksTestExecutionListener]
10:31:46.042 [Test worker] INFO org.springframework.boot.test.context.SpringBootTestContextBootstrapper - Using TestExecutionListeners: [org.springframework.test.context.web.ServletTestExecutionListener@7bd69e82, org.springframework.test.context.support.DirtiesContextBeforeModesTestExecutionListener@74d7184a, org.springframework.test.context.event.ApplicationEventsTestExecutionListener@51b01960, org.springframework.boot.test.mock.mockito.MockitoTestExecutionListener@6831d8fd, org.springframework.boot.test.autoconfigure.SpringBootDependencyInjectionTestExecutionListener@27dc79f7, org.springframework.test.context.support.DirtiesContextTestExecutionListener@6b85300e, org.springframework.test.context.transaction.TransactionalTestExecutionListener@3aaf4f07, org.springframework.test.context.jdbc.SqlScriptsTestExecutionListener@5cbf9e9f, org.springframework.test.context.event.EventPublishingTestExecutionListener@18e8473e, org.springframework.boot.test.autoconfigure.restdocs.RestDocsTestExecutionListener@5a2f016d, org.springframework.boot.test.autoconfigure.web.client.MockRestServiceServerResetTestExecutionListener@1a38ba58, org.springframework.boot.test.autoconfigure.web.servlet.MockMvcPrintOnlyOnFailureTestExecutionListener@3ad394e6, org.springframework.boot.test.autoconfigure.web.servlet.WebDriverTestExecutionListener@6058e535, org.springframework.boot.test.autoconfigure.webservices.client.MockWebServiceServerTestExecutionListener@42deb43a, org.springframework.boot.test.mock.mockito.ResetMocksTestExecutionListener@1deb2c43]
10:31:46.045 [Test worker] DEBUG org.springframework.test.context.support.AbstractDirtiesContextTestExecutionListener - Before test class: context [DefaultTestContext@47a64f7d testClass = DemoApplicationTests, testInstance = [null], testMethod = [null], testException = [null], mergedContextConfiguration = [WebMergedContextConfiguration@33d05366 testClass = DemoApplicationTests, locations = '{}', classes = '{class com.projectsolo.demo.DemoApplication}', contextInitializerClasses = '[]', activeProfiles = '{}', propertySourceLocations = '{}', propertySourceProperties = '{org.springframework.boot.test.context.SpringBootTestContextBootstrapper=true}', contextCustomizers = set[org.springframework.boot.test.autoconfigure.actuate.metrics.MetricsExportContextCustomizerFactory$DisableMetricExportContextCustomizer@4bef0fe3, org.springframework.boot.test.autoconfigure.properties.PropertyMappingContextCustomizer@0, org.springframework.boot.test.autoconfigure.web.servlet.WebDriverContextCustomizerFactory$Customizer@3b956878, org.springframework.boot.test.context.filter.ExcludeFilterContextCustomizer@295eaa7c, org.springframework.boot.test.json.DuplicateJsonObjectContextCustomizerFactory$DuplicateJsonObjectContextCustomizer@47605f2f, org.springframework.boot.test.mock.mockito.MockitoContextCustomizer@0, org.springframework.boot.test.web.client.TestRestTemplateContextCustomizer@239b0f9d, org.springframework.boot.test.context.SpringBootTestArgs@1, org.springframework.boot.test.context.SpringBootTestWebEnvironment@7975d1d8], resourceBasePath = 'src/main/webapp', contextLoader = 'org.springframework.boot.test.context.SpringBootContextLoader', parent = [null]], attributes = map['org.springframework.test.context.web.ServletTestExecutionListener.activateListener' -> true]], class annotated with @DirtiesContext [false] with mode [null].

  .   ____          _            __ _ _
 /\\ / ___'_ __ _ _(_)_ __  __ _ \ \ \ \
( ( )\___ | '_ | '_| | '_ \/ _` | \ \ \ \
 \\/  ___)| |_)| | | | | || (_| |  ) ) ) )
  '  |____| .__|_| |_|_| |_\__, | / / / /
 =========|_|==============|___/=/_/_/_/
 :: Spring Boot ::                (v2.7.2)

2022-08-17 10:31:46.976  INFO 12569 --- [    Test worker] c.projectsolo.demo.DemoApplicationTests  : Starting DemoApplicationTests using Java 11.0.13 on gim-yongjuui-MacBookAir.local with PID 12569 (started by yongjuvv in /Users/yongjuvv/Desktop/yongju/demo)
2022-08-17 10:31:46.982  INFO 12569 --- [    Test worker] c.projectsolo.demo.DemoApplicationTests  : No active profile set, falling back to 1 default profile: "default"
2022-08-17 10:31:48.407  INFO 12569 --- [    Test worker] .s.d.r.c.RepositoryConfigurationDelegate : Bootstrapping Spring Data JPA repositories in DEFAULT mode.
2022-08-17 10:31:48.552  INFO 12569 --- [    Test worker] .s.d.r.c.RepositoryConfigurationDelegate : Finished Spring Data repository scanning in 126 ms. Found 1 JPA repository interfaces.
2022-08-17 10:31:49.871 DEBUG 12569 --- [    Test worker] j.LocalContainerEntityManagerFactoryBean : Building JPA container EntityManagerFactory for persistence unit 'default'
2022-08-17 10:31:49.903  INFO 12569 --- [    Test worker] o.hibernate.jpa.internal.util.LogHelper  : HHH000204: Processing PersistenceUnitInfo [name: default]
2022-08-17 10:31:49.958  INFO 12569 --- [    Test worker] org.hibernate.Version                    : HHH000412: Hibernate ORM core version 5.6.10.Final
2022-08-17 10:31:50.142  INFO 12569 --- [    Test worker] o.hibernate.annotations.common.Version   : HCANN000001: Hibernate Commons Annotations {5.1.2.Final}
2022-08-17 10:31:50.285  INFO 12569 --- [    Test worker] com.zaxxer.hikari.HikariDataSource       : HikariPool-1 - Starting...
2022-08-17 10:31:50.491  INFO 12569 --- [    Test worker] com.zaxxer.hikari.HikariDataSource       : HikariPool-1 - Start completed.
2022-08-17 10:31:50.523  INFO 12569 --- [    Test worker] org.hibernate.dialect.Dialect            : HHH000400: Using dialect: org.hibernate.dialect.H2Dialect
Hibernate: 
    
    drop table if exists member CASCADE 
Hibernate: 
    
    drop sequence if exists hibernate_sequence
Hibernate: create sequence hibernate_sequence start with 1 increment by 1
Hibernate: 
    
    create table member (
       id bigint not null,
        company_location varchar(255),
        company_name varchar(255),
        company_type varchar(255),
        name varchar(255),
        password varchar(255),
        sex varchar(255),
        primary key (id)
    )
2022-08-17 10:31:51.124  INFO 12569 --- [    Test worker] o.h.e.t.j.p.i.JtaPlatformInitiator       : HHH000490: Using JtaPlatform implementation: [org.hibernate.engine.transaction.jta.platform.internal.NoJtaPlatform]
2022-08-17 10:31:51.130  INFO 12569 --- [    Test worker] j.LocalContainerEntityManagerFactoryBean : Initialized JPA EntityManagerFactory for persistence unit 'default'
2022-08-17 10:31:51.389 DEBUG 12569 --- [    Test worker] tor$SharedEntityManagerInvocationHandler : Creating new EntityManager for shared EntityManager invocation
2022-08-17 10:31:51.437 DEBUG 12569 --- [    Test worker] tor$SharedEntityManagerInvocationHandler : Creating new EntityManager for shared EntityManager invocation
2022-08-17 10:31:51.550 DEBUG 12569 --- [    Test worker] tor$SharedEntityManagerInvocationHandler : Creating new EntityManager for shared EntityManager invocation
2022-08-17 10:31:51.687 DEBUG 12569 --- [    Test worker] tor$SharedEntityManagerInvocationHandler : Creating new EntityManager for shared EntityManager invocation
2022-08-17 10:31:51.724 DEBUG 12569 --- [    Test worker] tor$SharedEntityManagerInvocationHandler : Creating new EntityManager for shared EntityManager invocation
2022-08-17 10:31:52.087  WARN 12569 --- [    Test worker] JpaBaseConfiguration$JpaWebConfiguration : spring.jpa.open-in-view is enabled by default. Therefore, database queries may be performed during view rendering. Explicitly configure spring.jpa.open-in-view to disable this warning
2022-08-17 10:31:52.542  INFO 12569 --- [    Test worker] o.s.b.a.h2.H2ConsoleAutoConfiguration    : H2 console available at '/h2'. Database available at 'jdbc:h2:mem:test'
2022-08-17 10:31:53.106  INFO 12569 --- [    Test worker] c.projectsolo.demo.DemoApplicationTests  : Started DemoApplicationTests in 6.965 seconds (JVM running for 8.873)
]]></system-out>
  <system-err><![CDATA[]]></system-err>
</testsuite>
