<?xml version="1.0" encoding="UTF-8"?>
<testsuite name="com.projectsolo.demo.api.v1.controller.MemberControllerTest" tests="3" skipped="0" failures="0" errors="0" timestamp="2022-08-17T01:31:54" hostname="gim-yongjuui-MacBookAir.local" time="0.285">
  <properties/>
  <testcase name="getLocationMembersTest()" classname="com.projectsolo.demo.api.v1.controller.MemberControllerTest" time="0.197"/>
  <testcase name="getMembersTest()" classname="com.projectsolo.demo.api.v1.controller.MemberControllerTest" time="0.037"/>
  <testcase name="getTypeMembersTest()" classname="com.projectsolo.demo.api.v1.controller.MemberControllerTest" time="0.04"/>
  <system-out><![CDATA[2022-08-17 10:31:53.327  INFO 12569 --- [    Test worker] .b.t.a.w.s.WebMvcTestContextBootstrapper : Neither @ContextConfiguration nor @ContextHierarchy found for test class [com.projectsolo.demo.api.v1.controller.MemberControllerTest], using SpringBootContextLoader
2022-08-17 10:31:53.329  INFO 12569 --- [    Test worker] o.s.t.c.support.AbstractContextLoader    : Could not detect default resource locations for test class [com.projectsolo.demo.api.v1.controller.MemberControllerTest]: no resource found for suffixes {-context.xml, Context.groovy}.
2022-08-17 10:31:53.330  INFO 12569 --- [    Test worker] t.c.s.AnnotationConfigContextLoaderUtils : Could not detect default configuration classes for test class [com.projectsolo.demo.api.v1.controller.MemberControllerTest]: MemberControllerTest does not declare any static, non-private, non-final, nested classes annotated with @Configuration.
2022-08-17 10:31:53.380  INFO 12569 --- [    Test worker] .b.t.c.SpringBootTestContextBootstrapper : Found @SpringBootConfiguration com.projectsolo.demo.DemoApplication for test class com.projectsolo.demo.api.v1.controller.MemberControllerTest
2022-08-17 10:31:53.383  INFO 12569 --- [    Test worker] .b.t.a.w.s.WebMvcTestContextBootstrapper : Loaded default TestExecutionListener class names from location [META-INF/spring.factories]: [org.springframework.test.context.web.ServletTestExecutionListener, org.springframework.test.context.support.DirtiesContextBeforeModesTestExecutionListener, org.springframework.test.context.event.ApplicationEventsTestExecutionListener, org.springframework.test.context.support.DependencyInjectionTestExecutionListener, org.springframework.test.context.support.DirtiesContextTestExecutionListener, org.springframework.test.context.transaction.TransactionalTestExecutionListener, org.springframework.test.context.jdbc.SqlScriptsTestExecutionListener, org.springframework.test.context.event.EventPublishingTestExecutionListener, org.springframework.boot.test.autoconfigure.restdocs.RestDocsTestExecutionListener, org.springframework.boot.test.autoconfigure.web.client.MockRestServiceServerResetTestExecutionListener, org.springframework.boot.test.autoconfigure.web.servlet.MockMvcPrintOnlyOnFailureTestExecutionListener, org.springframework.boot.test.autoconfigure.web.servlet.WebDriverTestExecutionListener, org.springframework.boot.test.autoconfigure.webservices.client.MockWebServiceServerTestExecutionListener, org.springframework.boot.test.mock.mockito.MockitoTestExecutionListener, org.springframework.boot.test.mock.mockito.ResetMocksTestExecutionListener]
2022-08-17 10:31:53.384  INFO 12569 --- [    Test worker] .b.t.a.w.s.WebMvcTestContextBootstrapper : Using TestExecutionListeners: [org.springframework.test.context.web.ServletTestExecutionListener@1ae90cb9, org.springframework.test.context.support.DirtiesContextBeforeModesTestExecutionListener@3b62c51e, org.springframework.test.context.event.ApplicationEventsTestExecutionListener@7db679, org.springframework.boot.test.mock.mockito.MockitoTestExecutionListener@7dc9b41a, org.springframework.boot.test.autoconfigure.SpringBootDependencyInjectionTestExecutionListener@2f97e3de, org.springframework.test.context.support.DirtiesContextTestExecutionListener@2f09907, org.springframework.test.context.transaction.TransactionalTestExecutionListener@6f53295e, org.springframework.test.context.jdbc.SqlScriptsTestExecutionListener@5f8a29ca, org.springframework.test.context.event.EventPublishingTestExecutionListener@4f93a8f6, org.springframework.boot.test.autoconfigure.restdocs.RestDocsTestExecutionListener@492d38a2, org.springframework.boot.test.autoconfigure.web.client.MockRestServiceServerResetTestExecutionListener@3fc2e100, org.springframework.boot.test.autoconfigure.web.servlet.MockMvcPrintOnlyOnFailureTestExecutionListener@31885b4b, org.springframework.boot.test.autoconfigure.web.servlet.WebDriverTestExecutionListener@638e8194, org.springframework.boot.test.autoconfigure.webservices.client.MockWebServiceServerTestExecutionListener@43c64d6f, org.springframework.boot.test.mock.mockito.ResetMocksTestExecutionListener@6b247ef6]

  .   ____          _            __ _ _
 /\\ / ___'_ __ _ _(_)_ __  __ _ \ \ \ \
( ( )\___ | '_ | '_| | '_ \/ _` | \ \ \ \
 \\/  ___)| |_)| | | | | || (_| |  ) ) ) )
  '  |____| .__|_| |_|_| |_\__, | / / / /
 =========|_|==============|___/=/_/_/_/
 :: Spring Boot ::                (v2.7.2)

2022-08-17 10:31:53.471  INFO 12569 --- [    Test worker] c.p.d.a.v.c.MemberControllerTest         : Starting MemberControllerTest using Java 11.0.13 on gim-yongjuui-MacBookAir.local with PID 12569 (started by yongjuvv in /Users/yongjuvv/Desktop/yongju/demo)
2022-08-17 10:31:53.471  INFO 12569 --- [    Test worker] c.p.d.a.v.c.MemberControllerTest         : No active profile set, falling back to 1 default profile: "default"
2022-08-17 10:31:54.550  INFO 12569 --- [    Test worker] o.s.b.t.m.w.SpringBootMockServletContext : Initializing Spring TestDispatcherServlet ''
2022-08-17 10:31:54.552  INFO 12569 --- [    Test worker] o.s.t.web.servlet.TestDispatcherServlet  : Initializing Servlet ''
2022-08-17 10:31:54.554  INFO 12569 --- [    Test worker] o.s.t.web.servlet.TestDispatcherServlet  : Completed initialization in 1 ms
2022-08-17 10:31:54.573  INFO 12569 --- [    Test worker] c.p.d.a.v.c.MemberControllerTest         : Started MemberControllerTest in 1.183 seconds (JVM running for 10.34)
]]></system-out>
  <system-err><![CDATA[]]></system-err>
</testsuite>
